[master (root-commit) 195006e] otal of otalmax
 Committer: CS24000 Account <cs240@data.cs.purdue.edu>
Your name and email address were configured automatically based
on your username and hostname. Please check that they are accurate.
You can suppress this message by setting them explicitly:

    git config --global user.name "Your Name"
    git config --global user.email you@example.com

After doing this, you may fix the identity used for this commit with:

    git commit --amend --reset-author

 11 files changed, 811 insertions(+)
 create mode 100644 .local.git.out
 create mode 100644 HashTableVoid.cc
 create mode 100644 HashTableVoid.h
 create mode 100755 HashTableVoidTest
 create mode 100644 HashTableVoidTest.cc
 create mode 100755 IRCServer
 create mode 100644 IRCServer.cc
 create mode 100644 IRCServer.h
 create mode 100755 Makefile
 create mode 100755 talk-server
 create mode 100755 testall
[master 31a87fe] 0 of 12
 Committer: CS24000 Account <cs240@data.cs.purdue.edu>
Your name and email address were configured automatically based
on your username and hostname. Please check that they are accurate.
You can suppress this message by setting them explicitly:

    git config --global user.name "Your Name"
    git config --global user.email you@example.com

After doing this, you may fix the identity used for this commit with:

    git commit --amend --reset-author

 5 files changed, 35 insertions(+)
 create mode 100644 .local.total.out
 create mode 100644 diff.out
 create mode 100644 total.out
 create mode 100644 total.txt
[master 3f7cda3] otal of otalmax
 Committer: CS24000 Account <cs240@data.cs.purdue.edu>
Your name and email address were configured automatically based
on your username and hostname. Please check that they are accurate.
You can suppress this message by setting them explicitly:

    git config --global user.name "Your Name"
    git config --global user.email you@example.com

After doing this, you may fix the identity used for this commit with:

    git commit --amend --reset-author

 3 files changed, 18 insertions(+), 2 deletions(-)
 rename diff.out => none (100%)
 delete mode 100644 total.out
[master d546088] 12 of 12
 Committer: CS24000 Account <cs240@data.cs.purdue.edu>
Your name and email address were configured automatically based
on your username and hostname. Please check that they are accurate.
You can suppress this message by setting them explicitly:

    git config --global user.name "Your Name"
    git config --global user.email you@example.com

After doing this, you may fix the identity used for this commit with:

    git commit --amend --reset-author

 7 files changed, 26 insertions(+), 6 deletions(-)
 create mode 100644 diff.out
 create mode 100644 prog.org.out
 create mode 100644 prog.out
 create mode 100644 total.out
[master 0c99a0a] otal of otalmax
 Committer: CS24000 Account <cs240@data.cs.purdue.edu>
Your name and email address were configured automatically based
on your username and hostname. Please check that they are accurate.
You can suppress this message by setting them explicitly:

    git config --global user.name "Your Name"
    git config --global user.email you@example.com

After doing this, you may fix the identity used for this commit with:

    git commit --amend --reset-author

 6 files changed, 18 insertions(+), 2 deletions(-)
 create mode 100755 HashTableVoidTest.org
 delete mode 100644 diff.out
 delete mode 100644 prog.org.out
 delete mode 100644 prog.out
 delete mode 100644 total.out
[master e4c08cd] 0 of 12
 Committer: CS24000 Account <cs240@data.cs.purdue.edu>
Your name and email address were configured automatically based
on your username and hostname. Please check that they are accurate.
You can suppress this message by setting them explicitly:

    git config --global user.name "Your Name"
    git config --global user.email you@example.com

After doing this, you may fix the identity used for this commit with:

    git commit --amend --reset-author

 7 files changed, 32 insertions(+), 6 deletions(-)
 create mode 100644 diff.out
 create mode 100644 prog.org.out
 create mode 100644 prog.out
 create mode 100644 total.out
[master e7d364c] otal of otalmax
 Committer: CS24000 Account <cs240@data.cs.purdue.edu>
Your name and email address were configured automatically based
on your username and hostname. Please check that they are accurate.
You can suppress this message by setting them explicitly:

    git config --global user.name "Your Name"
    git config --global user.email you@example.com

After doing this, you may fix the identity used for this commit with:

    git commit --amend --reset-author

 5 files changed, 18 insertions(+), 5 deletions(-)
 delete mode 100644 diff.out
 delete mode 100644 prog.org.out
 delete mode 100644 prog.out
 delete mode 100644 total.out
[master a203c20] 0 of 12
 Committer: CS24000 Account <cs240@data.cs.purdue.edu>
Your name and email address were configured automatically based
on your username and hostname. Please check that they are accurate.
You can suppress this message by setting them explicitly:

    git config --global user.name "Your Name"
    git config --global user.email you@example.com

After doing this, you may fix the identity used for this commit with:

    git commit --amend --reset-author

 6 files changed, 25 insertions(+)
 create mode 100644 diff.out
 create mode 100644 prog.org.out
 create mode 100644 prog.out
 create mode 100644 total.out
[master ce9b998] otal of otalmax
 Committer: CS24000 Account <cs240@data.cs.purdue.edu>
Your name and email address were configured automatically based
on your username and hostname. Please check that they are accurate.
You can suppress this message by setting them explicitly:

    git config --global user.name "Your Name"
    git config --global user.email you@example.com

After doing this, you may fix the identity used for this commit with:

    git commit --amend --reset-author

 5 files changed, 18 insertions(+), 5 deletions(-)
 delete mode 100644 diff.out
 delete mode 100644 prog.org.out
 delete mode 100644 prog.out
 delete mode 100644 total.out
[master 504054b] 0 of 12
 Committer: CS24000 Account <cs240@data.cs.purdue.edu>
Your name and email address were configured automatically based
on your username and hostname. Please check that they are accurate.
You can suppress this message by setting them explicitly:

    git config --global user.name "Your Name"
    git config --global user.email you@example.com

After doing this, you may fix the identity used for this commit with:

    git commit --amend --reset-author

 6 files changed, 25 insertions(+)
 create mode 100644 diff.out
 create mode 100644 prog.org.out
 create mode 100644 prog.out
 create mode 100644 total.out
[master b7272f3] Make IRCServer
 Committer: CS24000 Account <cs240@data.cs.purdue.edu>
Your name and email address were configured automatically based
on your username and hostname. Please check that they are accurate.
You can suppress this message by setting them explicitly:

    git config --global user.name "Your Name"
    git config --global user.email you@example.com

After doing this, you may fix the identity used for this commit with:

    git commit --amend --reset-author

 20 files changed, 690 insertions(+), 24 deletions(-)
 create mode 100755 #Makefile#
 create mode 100755 IRCServer.org
 create mode 100755 TestIRCServer
 delete mode 100644 diff.out
 delete mode 100644 prog.org.out
 delete mode 100644 prog.out
 create mode 100755 test-server1.sh
 create mode 100755 test-server10.sh
 create mode 100755 test-server2.sh
 create mode 100755 test-server3.sh
 create mode 100755 test-server4.sh
 create mode 100755 test-server5.sh
 create mode 100755 test-server6.sh
 create mode 100755 test-server7.sh
 create mode 100755 test-server8.sh
 create mode 100755 test-server9.sh
 delete mode 100644 total.out
[master 03bc7c0] Make IRCServer
 Committer: CS24000 Account <cs240@data.cs.purdue.edu>
Your name and email address were configured automatically based
on your username and hostname. Please check that they are accurate.
You can suppress this message by setting them explicitly:

    git config --global user.name "Your Name"
    git config --global user.email you@example.com

After doing this, you may fix the identity used for this commit with:

    git commit --amend --reset-author

 1 file changed, 31 insertions(+)
[master 7ed148c] 0 of 62
 Committer: CS24000 Account <cs240@data.cs.purdue.edu>
Your name and email address were configured automatically based
on your username and hostname. Please check that they are accurate.
You can suppress this message by setting them explicitly:

    git config --global user.name "Your Name"
    git config --global user.email you@example.com

After doing this, you may fix the identity used for this commit with:

    git commit --amend --reset-author

 9 files changed, 307 insertions(+)
 create mode 100644 diff.out
 create mode 100644 password.txt
 create mode 100644 prog.org.out
 create mode 100644 prog.out
 create mode 100644 talk-server.out
 create mode 100644 total.out
[master 63e783c] Make IRCServer
 Committer: CS24000 Account <cs240@data.cs.purdue.edu>
Your name and email address were configured automatically based
on your username and hostname. Please check that they are accurate.
You can suppress this message by setting them explicitly:

    git config --global user.name "Your Name"
    git config --global user.email you@example.com

After doing this, you may fix the identity used for this commit with:

    git commit --amend --reset-author

 7 files changed, 20 insertions(+), 293 deletions(-)
 delete mode 100755 #Makefile#
 delete mode 100644 diff.out
 delete mode 100644 prog.org.out
 delete mode 100644 prog.out
 delete mode 100644 talk-server.out
 delete mode 100644 total.out
[master (root-commit) 03a9d84] Make IRCServer
 Committer: CS24000 Account <cs240@data.cs.purdue.edu>
Your name and email address were configured automatically based
on your username and hostname. Please check that they are accurate.
You can suppress this message by setting them explicitly. Run the
following command and follow the instructions in your editor to edit
your configuration file:

    git config --global --edit

After doing this, you may fix the identity used for this commit with:

    git commit --amend --reset-author

 23 files changed, 1369 insertions(+)
 create mode 100644 .local.git.out
 create mode 100644 .local.total.out
 create mode 100755 IRCServer
 create mode 100644 IRCServer.cc
 create mode 100644 IRCServer.h
 create mode 100755 IRCServer.org
 create mode 100755 Makefile
 create mode 100755 TestIRCServer
 create mode 100644 none
 create mode 100755 talk-server
 create mode 100644 talk-server.out
 create mode 100755 test-server1.sh
 create mode 100755 test-server10.sh
 create mode 100755 test-server2.sh
 create mode 100755 test-server3.sh
 create mode 100755 test-server4.sh
 create mode 100755 test-server5.sh
 create mode 100755 test-server6.sh
 create mode 100755 test-server7.sh
 create mode 100755 test-server8.sh
 create mode 100755 test-server9.sh
 create mode 100755 testall
 create mode 100644 total.txt
