CS240: lab6. cs240 Tue Mar 31 00:09:52 EDT 2015  Total:  0 of 12

CS240: lab6. cs240 Tue Mar 31 00:10:08 EDT 2015  Total:  12 of 12

CS240: lab6. cs240 Tue Mar 31 00:11:07 EDT 2015  Total:  0 of 12

CS240: lab6. cs240 Tue Mar 31 00:11:39 EDT 2015  Total:  0 of 12

CS240: lab6. cs240 Tue Mar 31 00:13:58 EDT 2015  Total:  0 of 12

CS240: lab6. cs240 Mon Apr 13 14:14:57 EDT 2015  Total:  0 of 62

CS240: lab10. cs240 Sun Apr 2 19:37:56 EDT 2017  Total:  0 of 50

CS240: lab10. cs240 Sun Apr 2 19:40:33 EDT 2017  Total:  0 of 50

CS240: lab10. zhan2507 Thu Nov 9 17:41:37 EST 2017  Total:  0 of 50

CS240: lab10. zhan2507 Fri Nov 10 21:35:35 EST 2017  Total:  20 of 50

CS240: lab10. zhan2507 Fri Nov 10 21:39:22 EST 2017  Total:  20 of 50

CS240: lab10. zhan2507 Sat Nov 11 16:54:12 EST 2017  Total:  30 of 50

CS240: lab10. zhan2507 Sat Nov 11 17:32:58 EST 2017  Total:  35 of 50

CS240: lab10. zhan2507 Sat Nov 11 17:36:17 EST 2017  Total:  35 of 50

CS240: lab10. zhan2507 Sat Nov 11 17:40:51 EST 2017  Total:  40 of 50

CS240: lab10. zhan2507 Sat Nov 11 17:43:35 EST 2017  Total:  40 of 50

CS240: lab10. zhan2507 Sat Nov 11 18:03:07 EST 2017  Total:  40 of 50

CS240: lab10. zhan2507 Sat Nov 11 18:10:13 EST 2017  Total:  40 of 50

CS240: lab10. zhan2507 Sat Nov 11 18:19:48 EST 2017  Total:  40 of 50

CS240: lab10. zhan2507 Sun Nov 12 00:02:51 EST 2017  Total:  40 of 50

CS240: lab10. zhan2507 Sun Nov 12 00:24:32 EST 2017  Total:  45 of 50

CS240: lab10. zhan2507 Sun Nov 12 00:29:33 EST 2017  Total:  45 of 50

CS240: lab10. zhan2507 Sun Nov 12 00:40:56 EST 2017  Total:  45 of 50

CS240: lab10. zhan2507 Sun Nov 12 01:26:41 EST 2017  Total:  45 of 50

CS240: lab10. zhan2507 Sun Nov 12 01:33:38 EST 2017  Total:  50 of 50

CS240: lab10. zhan2507 Mon Nov 13 08:48:43 EST 2017  Total:  50 of 50

CS240: lab10. zhan2507 Mon Nov 13 09:08:08 EST 2017  Total:  50 of 50

CS240: lab10. zhan2507 Mon Nov 13 09:14:13 EST 2017  Total:  50 of 50

CS240: lab10. zhan2507 Mon Nov 13 09:21:41 EST 2017  Total:  50 of 50

CS240: lab10. zhan2507 Thu Nov 16 14:59:35 EST 2017  Total:  50 of 50

CS240: lab10. zhan2507 Thu Nov 16 15:21:55 EST 2017  Total:  50 of 50

CS240: lab10. zhan2507 Thu Nov 16 15:25:02 EST 2017  Total:  50 of 50

CS240: lab10. zhan2507 Thu Nov 16 15:31:39 EST 2017  Total:  50 of 50

CS240: lab10. zhan2507 Thu Nov 16 15:52:57 EST 2017  Total:  50 of 50

CS240: lab10. zhan2507 Thu Nov 16 16:23:38 EST 2017  Total:  50 of 50

CS240: lab10. zhan2507 Sat Dec 2 14:19:04 EST 2017  Total:  50 of 50

CS240: lab10. zhan2507 Sun Dec 3 16:11:16 EST 2017  Total:  50 of 50

CS240: lab10. zhan2507 Mon Dec 4 15:37:37 EST 2017  Total:  50 of 50

CS240: lab10. zhan2507 Mon Dec 4 23:54:19 EST 2017  Total:  50 of 50

CS240: lab10. zhan2507 Tue Dec 5 12:41:40 EST 2017  Total:  50 of 50

CS240: lab10. zhan2507 Thu Dec 7 15:36:30 EST 2017  Total:  50 of 50

CS240: lab10. zhan2507 Thu Dec 7 15:48:16 EST 2017  Total:  50 of 50

